app/build/intermediates/manifest_merge_blame_file/debug/manifest-merger-blame-debug-report.txt
1<?xml version="1.0" encoding="utf-8"?>
2<manifest xmlns:android="http://schemas.android.com/apk/res/android"
3    package="com.mabel_tech.scanovate_colombia_sdk_demo"
4    android:versionCode="2"
5    android:versionName="2.2.7" >
6
7    <uses-sdk
8        android:minSdkVersion="21"
8-->src\main\AndroidManifest.xml
9        android:targetSdkVersion="28" />
9-->src\main\AndroidManifest.xml
10
11    <uses-permission android:name="android.permission.CAMERA" />
11-->src\main\AndroidManifest.xml:5:5-64
11-->src\main\AndroidManifest.xml:5:22-62
12
13    <uses-feature android:name="android.hardware.camera" />
13-->src\main\AndroidManifest.xml:7:5-59
13-->src\main\AndroidManifest.xml:7:19-57
14    <uses-feature android:name="android.hardware.camera.autofocus" />
14-->src\main\AndroidManifest.xml:8:5-69
14-->src\main\AndroidManifest.xml:8:19-67
15
16    <uses-permission android:name="android.permission.ACCESS_NETWORK_STATE" />
16-->[:scanovate_colombia_2_2_11:] AndroidManifest.xml:11:5-79
16-->[:scanovate_colombia_2_2_11:] AndroidManifest.xml:11:22-76
17    <uses-permission android:name="android.permission.READ_EXTERNAL_STORAGE" />
17-->[:scanovate_colombia_2_2_11:] AndroidManifest.xml:13:5-80
17-->[:scanovate_colombia_2_2_11:] AndroidManifest.xml:13:22-77
18    <uses-permission android:name="android.permission.ACCESS_FINE_LOCATION" />
18-->[:scanovate_colombia_2_2_11:] AndroidManifest.xml:14:5-79
18-->[:scanovate_colombia_2_2_11:] AndroidManifest.xml:14:22-76
19    <uses-permission android:name="android.permission.ACCESS_COARSE_LOCATION" />
19-->[:scanovate_colombia_2_2_11:] AndroidManifest.xml:15:5-81
19-->[:scanovate_colombia_2_2_11:] AndroidManifest.xml:15:22-78
20    <uses-permission android:name="android.permission.INTERNET" />
20-->[:scanovate_colombia_2_2_11:] AndroidManifest.xml:19:5-67
20-->[:scanovate_colombia_2_2_11:] AndroidManifest.xml:19:22-64
21    <uses-permission android:name="android.permission.VIBRATE" />
21-->[:scanovate_colombia_2_2_11:] AndroidManifest.xml:23:5-66
21-->[:scanovate_colombia_2_2_11:] AndroidManifest.xml:23:22-63
22
23    <uses-feature android:glEsVersion="0x00020000" />
23-->[:scanovate_colombia_2_2_11:] AndroidManifest.xml:25:5-54
23-->[:scanovate_colombia_2_2_11:] AndroidManifest.xml:25:19-51
24
25    <uses-permission android:name="android.permission.ACCESSx_COARSE_LOCATION" />
25-->[:hybridComponent_1_0_1:] AndroidManifest.xml:16:5-82
25-->[:hybridComponent_1_0_1:] AndroidManifest.xml:16:22-79
26
27    <application
27-->src\main\AndroidManifest.xml:10:5-26:19
28        android:name="android.support.multidex.MultiDexApplication"
28-->src\main\AndroidManifest.xml:12:9-68
29        android:allowBackup="true"
29-->src\main\AndroidManifest.xml:13:9-35
30        android:appComponentFactory="android.support.v4.app.CoreComponentFactory"
30-->[com.android.support:support-compat:28.0.0] AndroidManifest.xml:22:18-91
31        android:debuggable="true"
32        android:icon="@mipmap/ic_launcher"
32-->[:scanovate_colombia_2_2_11:] AndroidManifest.xml:29:9-43
33        android:label="adodemo"
33-->src\main\AndroidManifest.xml:14:9-32
34        android:largeHeap="true"
34-->[:scanovate_colombia_2_2_11:] AndroidManifest.xml:30:9-33
35        android:roundIcon="@mipmap/ic_launcher_round"
35-->src\main\AndroidManifest.xml:15:9-54
36        android:supportsRtl="true"
36-->src\main\AndroidManifest.xml:16:9-35
37        android:testOnly="true"
38        android:theme="@style/Theme.AppCompat.Light.NoActionBar" >
38-->[:scanovate_colombia_2_2_11:] AndroidManifest.xml:32:9-65
39        <activity
39-->src\main\AndroidManifest.xml:18:9-25:20
40            android:name="com.mabel_tech.scanovate_colombia_sdk_demo.MainActivity"
40-->src\main\AndroidManifest.xml:18:19-47
41            android:screenOrientation="portrait" >
41-->src\main\AndroidManifest.xml:19:13-49
42            <intent-filter>
42-->src\main\AndroidManifest.xml:20:13-24:29
43                <action android:name="android.intent.action.MAIN" />
43-->src\main\AndroidManifest.xml:21:17-69
43-->src\main\AndroidManifest.xml:21:25-66
44
45                <category android:name="android.intent.category.LAUNCHER" />
45-->src\main\AndroidManifest.xml:23:17-77
45-->src\main\AndroidManifest.xml:23:27-74
46            </intent-filter>
47        </activity>
48        <activity
48-->[com.google.android.gms:play-services-base:16.0.1] AndroidManifest.xml:23:9-26:75
49            android:name="com.google.android.gms.common.api.GoogleApiActivity"
49-->[com.google.android.gms:play-services-base:16.0.1] AndroidManifest.xml:24:13-79
50            android:exported="false"
50-->[com.google.android.gms:play-services-base:16.0.1] AndroidManifest.xml:25:13-37
51            android:theme="@android:style/Theme.Translucent.NoTitleBar" />
51-->[com.google.android.gms:play-services-base:16.0.1] AndroidManifest.xml:26:13-72
52
53        <meta-data
53-->[com.google.android.gms:play-services-basement:16.1.0] AndroidManifest.xml:23:9-25:69
54            android:name="com.google.android.gms.version"
54-->[com.google.android.gms:play-services-basement:16.1.0] AndroidManifest.xml:24:13-58
55            android:value="@integer/google_play_services_version" />
55-->[com.google.android.gms:play-services-basement:16.1.0] AndroidManifest.xml:25:13-66
56        <!--
57            <activity
58                  android:name="mabel_tech.com.scanovate_demo_sdk.UI.SplashScreen"
59                  android:configChanges="orientation|keyboardHidden|screenSize">
60                  <intent-filter>
61                      <action android:name="android.intent.action.MAIN" />
62                      <category android:name="android.intent.category.LAUNCHER" />
63                  </intent-filter>
64              </activity>
65        -->
66        <activity
66-->[:scanovate_colombia_2_2_11:] AndroidManifest.xml:45:9-47:52
67            android:name="mabel_tech.com.scanovate_demo_sdk.UI.PersonalData.PersonalDataActivity"
67-->[:scanovate_colombia_2_2_11:] AndroidManifest.xml:46:13-98
68            android:screenOrientation="portrait" />
68-->[:scanovate_colombia_2_2_11:] AndroidManifest.xml:47:13-49
69        <activity
69-->[:scanovate_colombia_2_2_11:] AndroidManifest.xml:48:9-50:52
70            android:name="mabel_tech.com.scanovate_demo_sdk.UI.GetConfig.GetConfigActivity"
70-->[:scanovate_colombia_2_2_11:] AndroidManifest.xml:49:13-92
71            android:screenOrientation="portrait" />
71-->[:scanovate_colombia_2_2_11:] AndroidManifest.xml:50:13-49
72        <activity
72-->[:scanovate_colombia_2_2_11:] AndroidManifest.xml:51:9-53:52
73            android:name="mabel_tech.com.scanovate_demo_sdk.UI.Face.FaceActivity"
73-->[:scanovate_colombia_2_2_11:] AndroidManifest.xml:52:13-82
74            android:screenOrientation="portrait" />
74-->[:scanovate_colombia_2_2_11:] AndroidManifest.xml:53:13-49
75        <activity
75-->[:scanovate_colombia_2_2_11:] AndroidManifest.xml:54:9-57:52
76            android:name="mabel_tech.com.scanovate_demo_sdk.UI.Document.DocActivity"
76-->[:scanovate_colombia_2_2_11:] AndroidManifest.xml:55:13-85
77            android:hardwareAccelerated="true"
77-->[:scanovate_colombia_2_2_11:] AndroidManifest.xml:56:13-47
78            android:screenOrientation="portrait" />
78-->[:scanovate_colombia_2_2_11:] AndroidManifest.xml:57:13-49
79        <activity
79-->[:scanovate_colombia_2_2_11:] AndroidManifest.xml:58:9-60:52
80            android:name="mabel_tech.com.scanovate_demo_sdk.UI.Document.ImageConformationActivity"
80-->[:scanovate_colombia_2_2_11:] AndroidManifest.xml:59:13-99
81            android:screenOrientation="portrait" />
81-->[:scanovate_colombia_2_2_11:] AndroidManifest.xml:60:13-49
82        <activity
82-->[:ScanovateManualCapture_1_0_7:] AndroidManifest.xml:14:9-17:20
83            android:name="scanovate.manual.capture.activity.ManualCaptureActivity"
83-->[:ScanovateManualCapture_1_0_7:] AndroidManifest.xml:15:13-83
84            android:screenOrientation="landscape" >
84-->[:ScanovateManualCapture_1_0_7:] AndroidManifest.xml:16:13-50
85        </activity>
86        <!--
87        <activity
88             android:name=".UI.SplashScreen"
89             android:configChanges="orientation|keyboardHidden|screenSize">
90             <intent-filter>
91                 <action android:name="android.intent.action.MAIN" />
92                 <category android:name="android.intent.category.LAUNCHER" />
93             </intent-filter>
94         </activity>
95        -->
96        <activity
96-->[:hybridComponent_1_0_1:] AndroidManifest.xml:46:9-48:52
97            android:name="mabel_tech.com.scanovate_demo_components.UI.base.BaseActivity"
97-->[:hybridComponent_1_0_1:] AndroidManifest.xml:47:13-89
98            android:screenOrientation="portrait" />
98-->[:hybridComponent_1_0_1:] AndroidManifest.xml:48:13-49
99        <activity
99-->[:hybridComponent_1_0_1:] AndroidManifest.xml:49:9-51:52
100            android:name="mabel_tech.com.scanovate_demo_components.UI.GetConfig.GetConfigActivity"
100-->[:hybridComponent_1_0_1:] AndroidManifest.xml:50:13-99
101            android:screenOrientation="portrait" />
101-->[:hybridComponent_1_0_1:] AndroidManifest.xml:51:13-49
102        <activity
102-->[:hybridComponent_1_0_1:] AndroidManifest.xml:52:9-54:52
103            android:name="mabel_tech.com.FaceActivity"
103-->[:hybridComponent_1_0_1:] AndroidManifest.xml:53:13-55
104            android:screenOrientation="portrait" />
104-->[:hybridComponent_1_0_1:] AndroidManifest.xml:54:13-49
105        <activity
105-->[:hybridComponent_1_0_1:] AndroidManifest.xml:55:9-58:52
106            android:name="mabel_tech.com.DocActivity"
106-->[:hybridComponent_1_0_1:] AndroidManifest.xml:56:13-54
107            android:hardwareAccelerated="true"
107-->[:hybridComponent_1_0_1:] AndroidManifest.xml:57:13-47
108            android:screenOrientation="portrait" />
108-->[:hybridComponent_1_0_1:] AndroidManifest.xml:58:13-49
109
110        <meta-data
110-->[:hybridComponent_1_0_1:] AndroidManifest.xml:60:9-62:57
111            android:name="preloaded_fonts"
111-->[:hybridComponent_1_0_1:] AndroidManifest.xml:61:13-43
112            android:resource="@array/preloaded_fonts" />
112-->[:hybridComponent_1_0_1:] AndroidManifest.xml:62:13-54
113
114        <activity
114-->[:libScanovateImagingHybridLiveness_2_2_2:] AndroidManifest.xml:11:9-16:72
115            android:name="scanovateliveness.control.activities.SNLivenessActivity"
115-->[:libScanovateImagingHybridLiveness_2_2_2:] AndroidManifest.xml:12:13-83
116            android:configChanges="orientation"
116-->[:libScanovateImagingHybridLiveness_2_2_2:] AndroidManifest.xml:13:13-48
117            android:launchMode="singleTop"
117-->[:libScanovateImagingHybridLiveness_2_2_2:] AndroidManifest.xml:14:13-43
118            android:screenOrientation="portrait"
118-->[:libScanovateImagingHybridLiveness_2_2_2:] AndroidManifest.xml:15:13-49
119            android:theme="@style/Theme.AppCompat.Light.NoActionBar" />
119-->[:libScanovateImagingHybridLiveness_2_2_2:] AndroidManifest.xml:16:13-69
120    </application>
121
122</manifest>